2018-03-07 10:09:22,923 INFO o.a.j.u.JMeterUtils: Setting Locale to en_EN
2018-03-07 10:09:22,949 INFO o.a.j.JMeter: Loading user properties from: /usr/local/Cellar/jmeter/4.0/libexec/bin/user.properties
2018-03-07 10:09:22,950 INFO o.a.j.JMeter: Loading system properties from: /usr/local/Cellar/jmeter/4.0/libexec/bin/system.properties
2018-03-07 10:09:22,955 INFO o.a.j.JMeter: Copyright (c) 1998-2018 The Apache Software Foundation
2018-03-07 10:09:22,955 INFO o.a.j.JMeter: Version 4.0 r1823414
2018-03-07 10:09:22,955 INFO o.a.j.JMeter: java.version=1.8.0_151
2018-03-07 10:09:22,955 INFO o.a.j.JMeter: java.vm.name=Java HotSpot(TM) 64-Bit Server VM
2018-03-07 10:09:22,955 INFO o.a.j.JMeter: os.name=Mac OS X
2018-03-07 10:09:22,955 INFO o.a.j.JMeter: os.arch=x86_64
2018-03-07 10:09:22,955 INFO o.a.j.JMeter: os.version=10.13.3
2018-03-07 10:09:22,955 INFO o.a.j.JMeter: file.encoding=UTF-8
2018-03-07 10:09:22,956 INFO o.a.j.JMeter: Max memory     =1073741824
2018-03-07 10:09:22,956 INFO o.a.j.JMeter: Available Processors =8
2018-03-07 10:09:22,961 INFO o.a.j.JMeter: Default Locale=English (EN)
2018-03-07 10:09:22,962 INFO o.a.j.JMeter: JMeter  Locale=English (EN)
2018-03-07 10:09:22,962 INFO o.a.j.JMeter: JMeterHome=/usr/local/Cellar/jmeter/4.0/libexec
2018-03-07 10:09:22,962 INFO o.a.j.JMeter: user.dir  =/Users/surabhigupta/url-shortener
2018-03-07 10:09:22,962 INFO o.a.j.JMeter: PWD       =/Users/surabhigupta/url-shortener
2018-03-07 10:09:22,963 INFO o.a.j.JMeter: IP: 10.31.194.206 Name: BNG-167728-C02VL3KGHTD6 FullName: 10.31.194.206
2018-03-07 10:09:27,715 INFO o.a.j.g.a.LookAndFeelCommand: Installing Darcula LAF
2018-03-07 10:09:27,741 INFO o.a.j.g.a.LookAndFeelCommand: Using look and feel: com.bulenkov.darcula.DarculaLaf [Darcula]
2018-03-07 10:09:27,742 INFO o.a.j.JMeter: Setting LAF to: com.bulenkov.darcula.DarculaLaf
2018-03-07 10:09:27,845 INFO o.a.j.JMeter: Loaded icon properties from org/apache/jmeter/images/icon.properties
2018-03-07 10:09:28,398 INFO o.a.j.e.u.CompoundVariable: Note: Function class names must contain the string: '.functions.'
2018-03-07 10:09:28,399 INFO o.a.j.e.u.CompoundVariable: Note: Function class names must not contain the string: '.gui.'
2018-03-07 10:09:30,102 INFO o.a.j.p.h.s.HTTPSamplerBase: Parser for text/html is org.apache.jmeter.protocol.http.parser.LagartoBasedHtmlParser
2018-03-07 10:09:30,103 INFO o.a.j.p.h.s.HTTPSamplerBase: Parser for application/xhtml+xml is org.apache.jmeter.protocol.http.parser.LagartoBasedHtmlParser
2018-03-07 10:09:30,103 INFO o.a.j.p.h.s.HTTPSamplerBase: Parser for application/xml is org.apache.jmeter.protocol.http.parser.LagartoBasedHtmlParser
2018-03-07 10:09:30,103 INFO o.a.j.p.h.s.HTTPSamplerBase: Parser for text/xml is org.apache.jmeter.protocol.http.parser.LagartoBasedHtmlParser
2018-03-07 10:09:30,104 INFO o.a.j.p.h.s.HTTPSamplerBase: Parser for text/vnd.wap.wml is org.apache.jmeter.protocol.http.parser.RegexpHTMLParser
2018-03-07 10:09:30,104 INFO o.a.j.p.h.s.HTTPSamplerBase: Parser for text/css is org.apache.jmeter.protocol.http.parser.CssParser
2018-03-07 10:09:30,459 INFO o.a.j.e.KeyToolUtils: keytool found at 'keytool'
2018-03-07 10:09:30,460 INFO o.a.j.p.h.p.ProxyControl: HTTP(S) Test Script Recorder SSL Proxy will use keys that support embedded 3rd party resources in file /usr/local/Cellar/jmeter/4.0/libexec/bin/proxyserver.jks
2018-03-07 10:09:30,551 INFO o.a.j.s.FileServer: Default base='/Users/surabhigupta/url-shortener'
2018-03-07 10:09:30,867 INFO o.a.j.s.SampleResult: Note: Sample TimeStamps are START times
2018-03-07 10:09:30,867 INFO o.a.j.s.SampleResult: sampleresult.default.encoding is set to ISO-8859-1
2018-03-07 10:09:30,867 INFO o.a.j.s.SampleResult: sampleresult.useNanoTime=true
2018-03-07 10:09:30,867 INFO o.a.j.s.SampleResult: sampleresult.nanoThreadSleep=5000
2018-03-07 10:09:44,355 INFO o.a.j.g.a.t.TemplateManager: Reading templates from: /usr/local/Cellar/jmeter/4.0/libexec/bin/templates/templates.xml
